<?xml version="1.0" encoding="UTF-8"?>
<!-- Generated by org.testng.reporters.JUnitReportReporter -->
<testsuite skipped="0" hostname="LAPTOP-Q35KUDM9" name="executionEngine.DriverScriptTest" tests="1" failures="0" timestamp="01 May 2019 02:27:11 GMT" time="38.122" errors="0">
  <testcase name="Intitialize" time="38.122" classname="executionEngine.DriverScriptTest"/>
</testsuite> <!-- executionEngine.DriverScriptTest -->
