<?xml version="1.0" encoding="UTF-8"?>
<!-- Generated by org.testng.reporters.JUnitReportReporter -->
<testsuite hostname="LAPTOP-Q35KUDM9" failures="0" tests="1" name="executionEngine.DriverScriptTest" time="49.676" errors="0" timestamp="18 Aug 2018 15:08:30 GMT" skipped="0">
  <testcase classname="executionEngine.DriverScriptTest" name="Intitialize" time="49.676"/>
</testsuite> <!-- executionEngine.DriverScriptTest -->
